
SQL*Loader: Release 19.0.0.0.0 - Production on Mon Jul 27 12:10:02 2020
Version 19.3.0.0.0

Copyright (c) 1982, 2019, Oracle and/or its affiliates.  All rights reserved.

Control File:   lab4Ctl.ctl
Data File:      loader.dat
  Bad File:     loader.bad
  Discard File:  none specified
 
 (Allow all discards)

Number to load: ALL
Number to skip: 0
Errors allowed: 50
Bind array:     250 rows, maximum of 1048576 bytes
Continuation:    none specified
Path used:      Conventional

Table LAB4, loaded from every logical record.
Insert option in effect for this table: INSERT

   Column Name                  Position   Len  Term Encl Datatype
------------------------------ ---------- ----- ---- ---- ---------------------
D                                   FIRST     *   ,       DATE DD-MM-YYYY      
T                                    NEXT     *   ,       CHARACTER            
    SQL string for column : "HH:MM:SS"

SQL*Loader-291: Invalid bind variable :MM in SQL string for column T.
